<mule xmlns="http://www.mulesoft.org/schema/mule/core"
      xmlns:xsi="http://www.w3.org/2001/XMLSchema-instance"
      xmlns:logging="http://www.mulesoft.org/schema/mule/logging"
      xsi:schemaLocation="http://www.mulesoft.org/schema/mule/core http://www.mulesoft.org/schema/mule/core/current/mule.xsd
          http://www.mulesoft.org/schema/mule/logging http://www.mulesoft.org/schema/mule/logging/current/mule-logging.xsd">

    <logging:config name="config" configId="configId">
        <logging:connection requiredParameter="aValue" />
    </logging:config>

    <flow name="sayHiFlow">
        <logging:say-hi person="Mariano Gonzalez"/>
    </flow>

    <flow name="retrieveInfoFlow">
        <logging:retrieve-info config-ref="config"/>
    </flow>

</mule>
